  × python setup.py bdist_wheel did not run successfully.
  │ exit code: 1
  ╰─> [80 lines of output]
      running bdist_wheel
      running build
      running build_ext
      /home/yifan/anaconda3/envs/torch-cuda-11.8/lib/python3.10/site-packages/torch/utils/cpp_extension.py:425: UserWarning: There are no g++ version bounds defined for CUDA version 11.8
        warnings.warn(f'There are no {compiler_name} version bounds defined for CUDA version {cuda_str_version}')
      building 'project_voxelization' extension
      creating /home/yifan/studium/3D_Completion/modules_build/build
      creating /home/yifan/studium/3D_Completion/modules_build/build/temp.linux-x86_64-cpython-310
      Emitting ninja build file /home/yifan/studium/3D_Completion/modules_build/build/temp.linux-x86_64-cpython-310/build.ninja...
      Compiling objects...
      Allowing ninja to set a default number of workers... (overridable by setting the environment variable MAX_JOBS=N)
      ninja: error: build.ninja:29: multiple rules generate /home/yifan/studium/3D_Completion/modules_build/build/temp.linux-x86_64-cpython-310/vox.o
      
      Traceback (most recent call last):
        File "/home/yifan/anaconda3/envs/torch-cuda-11.8/lib/python3.10/site-packages/torch/utils/cpp_extension.py", line 2096, in _run_ninja_build
          subprocess.run(
        File "/home/yifan/anaconda3/envs/torch-cuda-11.8/lib/python3.10/subprocess.py", line 524, in run
          raise CalledProcessError(retcode, process.args,
      subprocess.CalledProcessError: Command '['ninja', '-v']' returned non-zero exit status 1.
      
      The above exception was the direct cause of the following exception:
      
      Traceback (most recent call last):
        File "<string>", line 2, in <module>
        File "<pip-setuptools-caller>", line 34, in <module>
        File "/home/yifan/studium/3D_Completion/modules_build/setup.py", line 14, in <module>
          setup(
        File "/home/yifan/anaconda3/envs/torch-cuda-11.8/lib/python3.10/site-packages/setuptools/__init__.py", line 103, in setup
          return distutils.core.setup(**attrs)
        File "/home/yifan/anaconda3/envs/torch-cuda-11.8/lib/python3.10/site-packages/setuptools/_distutils/core.py", line 184, in setup
          return run_commands(dist)
        File "/home/yifan/anaconda3/envs/torch-cuda-11.8/lib/python3.10/site-packages/setuptools/_distutils/core.py", line 200, in run_commands
          dist.run_commands()
        File "/home/yifan/anaconda3/envs/torch-cuda-11.8/lib/python3.10/site-packages/setuptools/_distutils/dist.py", line 969, in run_commands
          self.run_command(cmd)
        File "/home/yifan/anaconda3/envs/torch-cuda-11.8/lib/python3.10/site-packages/setuptools/dist.py", line 976, in run_command
          super().run_command(command)
        File "/home/yifan/anaconda3/envs/torch-cuda-11.8/lib/python3.10/site-packages/setuptools/_distutils/dist.py", line 988, in run_command
          cmd_obj.run()
        File "/home/yifan/anaconda3/envs/torch-cuda-11.8/lib/python3.10/site-packages/setuptools/command/bdist_wheel.py", line 373, in run
          self.run_command("build")
        File "/home/yifan/anaconda3/envs/torch-cuda-11.8/lib/python3.10/site-packages/setuptools/_distutils/cmd.py", line 316, in run_command
          self.distribution.run_command(command)
        File "/home/yifan/anaconda3/envs/torch-cuda-11.8/lib/python3.10/site-packages/setuptools/dist.py", line 976, in run_command
          super().run_command(command)
        File "/home/yifan/anaconda3/envs/torch-cuda-11.8/lib/python3.10/site-packages/setuptools/_distutils/dist.py", line 988, in run_command
          cmd_obj.run()
        File "/home/yifan/anaconda3/envs/torch-cuda-11.8/lib/python3.10/site-packages/setuptools/_distutils/command/build.py", line 132, in run
          self.run_command(cmd_name)
        File "/home/yifan/anaconda3/envs/torch-cuda-11.8/lib/python3.10/site-packages/setuptools/_distutils/cmd.py", line 316, in run_command
          self.distribution.run_command(command)
        File "/home/yifan/anaconda3/envs/torch-cuda-11.8/lib/python3.10/site-packages/setuptools/dist.py", line 976, in run_command
          super().run_command(command)
        File "/home/yifan/anaconda3/envs/torch-cuda-11.8/lib/python3.10/site-packages/setuptools/_distutils/dist.py", line 988, in run_command
          cmd_obj.run()
        File "/home/yifan/anaconda3/envs/torch-cuda-11.8/lib/python3.10/site-packages/setuptools/command/build_ext.py", line 93, in run
          _build_ext.run(self)
        File "/home/yifan/anaconda3/envs/torch-cuda-11.8/lib/python3.10/site-packages/Cython/Distutils/old_build_ext.py", line 186, in run
          _build_ext.build_ext.run(self)
        File "/home/yifan/anaconda3/envs/torch-cuda-11.8/lib/python3.10/site-packages/setuptools/_distutils/command/build_ext.py", line 359, in run
          self.build_extensions()
        File "/home/yifan/anaconda3/envs/torch-cuda-11.8/lib/python3.10/site-packages/torch/utils/cpp_extension.py", line 871, in build_extensions
          build_ext.build_extensions(self)
        File "/home/yifan/anaconda3/envs/torch-cuda-11.8/lib/python3.10/site-packages/Cython/Distutils/old_build_ext.py", line 195, in build_extensions
          _build_ext.build_ext.build_extensions(self)
        File "/home/yifan/anaconda3/envs/torch-cuda-11.8/lib/python3.10/site-packages/setuptools/_distutils/command/build_ext.py", line 479, in build_extensions
          self._build_extensions_serial()
        File "/home/yifan/anaconda3/envs/torch-cuda-11.8/lib/python3.10/site-packages/setuptools/_distutils/command/build_ext.py", line 505, in _build_extensions_serial
          self.build_extension(ext)
        File "/home/yifan/anaconda3/envs/torch-cuda-11.8/lib/python3.10/site-packages/setuptools/command/build_ext.py", line 254, in build_extension
          _build_ext.build_extension(self, ext)
        File "/home/yifan/anaconda3/envs/torch-cuda-11.8/lib/python3.10/site-packages/setuptools/_distutils/command/build_ext.py", line 560, in build_extension
          objects = self.compiler.compile(
        File "/home/yifan/anaconda3/envs/torch-cuda-11.8/lib/python3.10/site-packages/torch/utils/cpp_extension.py", line 684, in unix_wrap_ninja_compile
          _write_ninja_file_and_compile_objects(
        File "/home/yifan/anaconda3/envs/torch-cuda-11.8/lib/python3.10/site-packages/torch/utils/cpp_extension.py", line 1774, in _write_ninja_file_and_compile_objects
          _run_ninja_build(
        File "/home/yifan/anaconda3/envs/torch-cuda-11.8/lib/python3.10/site-packages/torch/utils/cpp_extension.py", line 2112, in _run_ninja_build
          raise RuntimeError(message) from e
      RuntimeError: Error compiling objects for extension
      [end of output]
  
  note: This error originates from a subprocess, and is likely not a problem with pip.
  ERROR: Failed building wheel for project_voxelization
  Running setup.py clean for project_voxelization
Failed to build project_voxelization
ERROR: Could not build wheels for project_voxelization, which is required to install pyproject.toml-based projects